<?xml version="1.0" encoding="UTF-8"?>
<!-- Generated by org.testng.reporters.JUnitReportReporter -->
<testsuite name="ecommerce.FacebookDp" tests="3" time="15.189" ignored="0" failures="0" timestamp="09 Feb 2017 20:18:07 GMT" skipped="0" hostname="LM-SJC-00870810" errors="0">
  <testcase name="flogin" time="4.367" classname="ecommerce.FacebookDp"/>
  <testcase name="flogin" time="5.498" classname="ecommerce.FacebookDp"/>
  <testcase name="flogin" time="5.324" classname="ecommerce.FacebookDp"/>
</testsuite> <!-- ecommerce.FacebookDp -->
