<?xml version="1.0" encoding="UTF-8"?>
<!-- Generated by org.testng.reporters.JUnitReportReporter -->
<testsuite hostname="LM-SJC-00870810" name="com.apex.ecommerce.signon.page.google.guru99.Guru99" tests="1" failures="0" timestamp="7 Sep 2017 19:58:11 GMT" time="8.555" errors="0">
  <testcase name="setup" time="8.555" classname="com.apex.ecommerce.signon.page.google.guru99.Guru99"/>
</testsuite> <!-- com.apex.ecommerce.signon.page.google.guru99.Guru99 -->
