<?xml version="1.0" encoding="UTF-8"?>
<!-- Generated by org.testng.reporters.JUnitReportReporter -->
<testsuite hostname="LM-SJC-00870810" name="com.apex.ecommerce.registration.page.amazon.AmazonregBasePage" tests="1" failures="0" timestamp="12 Feb 2017 01:00:31 GMT" time="7.509" errors="0">
  <testcase name="seturl" time="7.509" classname="com.apex.ecommerce.registration.page.amazon.AmazonregBasePage"/>
</testsuite> <!-- com.apex.ecommerce.registration.page.amazon.AmazonregBasePage -->
