<?xml version="1.0" encoding="UTF-8"?>
<!-- Generated by org.testng.reporters.JUnitReportReporter -->
<testsuite hostname="LM-SJC-00870810" name="com.apex.ecommerce.signon.page.ebayBasePage" tests="1" failures="0" timestamp="11 Feb 2017 23:06:25 GMT" time="9.781" errors="0">
  <testcase name="seturl" time="9.781" classname="com.apex.ecommerce.signon.page.ebayBasePage"/>
</testsuite> <!-- com.apex.ecommerce.signon.page.ebayBasePage -->
