<?xml version="1.0" encoding="UTF-8"?>
<!-- Generated by org.testng.reporters.JUnitReportReporter -->
<testsuite hostname="LM-SJC-00870810" name="ecommerce.NewTest" tests="2" failures="0" timestamp="10 Nov 2017 00:59:06 GMT" time="0.000" errors="0">
  <testcase name="f" time="0.000" classname="ecommerce.NewTest"/>
  <testcase name="f" time="0.000" classname="ecommerce.NewTest"/>
</testsuite> <!-- ecommerce.NewTest -->
